2023-04-11 17:09:01,887 [Worker-5: Loading available Gradle versions] INFO  o.e.b.c.i.u.g.PublishedGradleVersions - Gradle version information cache is out-of-date. Trying to update.
2023-04-11 17:26:22,101 [Worker-9: Import Getting Started Content] INFO  o.e.m.c.i.l.LifecycleMappingFactory - Using org.eclipse.m2e.jdt.JarLifecycleMapping lifecycle mapping for MavenProject: com.deloitte:ProductManagement:0.0.1-SNAPSHOT @ C:\FrontEnd\Product Management\ProductServer\ProductManagement\pom.xml.
2023-04-11 17:26:23,423 [Worker-9: Import Getting Started Content] INFO  o.e.m.j.i.AbstractJavaProjectConfigurator - Adding source folder /ProductManagement/src/main/java
2023-04-11 17:26:23,424 [Worker-9: Import Getting Started Content] INFO  o.e.m.j.i.AbstractJavaProjectConfigurator - Adding resource folder /ProductManagement/src/main/resources
2023-04-11 17:26:23,430 [Worker-9: Import Getting Started Content] INFO  o.e.m.j.i.AbstractJavaProjectConfigurator - Adding resource folder /ProductManagement/src/main/resources
2023-04-11 17:26:23,436 [Worker-9: Import Getting Started Content] INFO  o.e.m.j.i.AbstractJavaProjectConfigurator - Adding source folder /ProductManagement/src/test/java
2023-04-11 17:26:25,475 [Worker-9: Import Getting Started Content] INFO  o.e.m.c.i.p.ProjectConfigurationManager - Imported and configured 1 project(s) in 4 sec
2023-04-11 17:26:25,481 [Worker-9: Import Getting Started Content] INFO  o.e.m.c.i.p.ProjectConfigurationManager - Update started
2023-04-11 17:26:25,814 [Worker-9: Import Getting Started Content] INFO  o.e.m.c.i.l.LifecycleMappingFactory - Using org.eclipse.m2e.jdt.JarLifecycleMapping lifecycle mapping for MavenProject: com.deloitte:ProductManagement:0.0.1-SNAPSHOT @ C:\FrontEnd\Product Management\ProductServer\ProductManagement\pom.xml.
2023-04-11 17:26:26,688 [Worker-9: Import Getting Started Content] INFO  o.e.m.j.i.AbstractJavaProjectConfigurator - Adding source folder /ProductManagement/src/main/java
2023-04-11 17:26:26,689 [Worker-9: Import Getting Started Content] INFO  o.e.m.j.i.AbstractJavaProjectConfigurator - Adding resource folder /ProductManagement/src/main/resources
2023-04-11 17:26:26,689 [Worker-9: Import Getting Started Content] INFO  o.e.m.j.i.AbstractJavaProjectConfigurator - Adding resource folder /ProductManagement/src/main/resources
2023-04-11 17:26:26,691 [Worker-9: Import Getting Started Content] INFO  o.e.m.j.i.AbstractJavaProjectConfigurator - Adding source folder /ProductManagement/src/test/java
2023-04-11 17:26:27,355 [Worker-9: Import Getting Started Content] INFO  o.e.m.c.i.p.ProjectConfigurationManager - Update completed for 1 poms: local refresh takes 0.00 sec, refresh facades takes 1.00 sec, update config takes 0.00 sec 
2023-04-11 17:55:51,477 [Worker-31: Launching Executing clean in C__FrontEnd_Product Management_ProductServer_ProductManagement] INFO  o.eclipse.m2e.core.internal.Bundles - getClasspathEntries(Bundle=org.eclipse.m2e.maven.runtime_3.8.604.20221130-2149 [345])
2023-04-11 17:55:51,481 [Worker-31: Launching Executing clean in C__FrontEnd_Product Management_ProductServer_ProductManagement] INFO  o.eclipse.m2e.core.internal.Bundles - 	Entry: C:\Users\nikshaw\Downloads\Software\sts-4.17.2.RELEASE\plugins\org.eclipse.m2e.maven.runtime_3.8.604.20221130-2149
2023-04-11 17:55:51,482 [Worker-31: Launching Executing clean in C__FrontEnd_Product Management_ProductServer_ProductManagement] INFO  o.eclipse.m2e.core.internal.Bundles - 	Entry: C:\Users\nikshaw\Downloads\Software\sts-4.17.2.RELEASE\plugins\org.eclipse.m2e.maven.runtime_3.8.604.20221130-2149\jars\aether-connector-okhttp-0.17.8.jar
2023-04-11 17:55:51,483 [Worker-31: Launching Executing clean in C__FrontEnd_Product Management_ProductServer_ProductManagement] INFO  o.eclipse.m2e.core.internal.Bundles - 	Entry: C:\Users\nikshaw\Downloads\Software\sts-4.17.2.RELEASE\plugins\org.eclipse.m2e.maven.runtime_3.8.604.20221130-2149\jars\commons-cli-1.4.jar
2023-04-11 17:55:51,483 [Worker-31: Launching Executing clean in C__FrontEnd_Product Management_ProductServer_ProductManagement] INFO  o.eclipse.m2e.core.internal.Bundles - 	Entry: C:\Users\nikshaw\Downloads\Software\sts-4.17.2.RELEASE\plugins\org.eclipse.m2e.maven.runtime_3.8.604.20221130-2149\jars\commons-io-2.6.jar
2023-04-11 17:55:51,484 [Worker-31: Launching Executing clean in C__FrontEnd_Product Management_ProductServer_ProductManagement] INFO  o.eclipse.m2e.core.internal.Bundles - 	Entry: C:\Users\nikshaw\Downloads\Software\sts-4.17.2.RELEASE\plugins\org.eclipse.m2e.maven.runtime_3.8.604.20221130-2149\jars\commons-lang3-3.8.1.jar
2023-04-11 17:55:51,484 [Worker-31: Launching Executing clean in C__FrontEnd_Product Management_ProductServer_ProductManagement] INFO  o.eclipse.m2e.core.internal.Bundles - 	Entry: C:\Users\nikshaw\Downloads\Software\sts-4.17.2.RELEASE\plugins\org.eclipse.m2e.maven.runtime_3.8.604.20221130-2149\jars\guice-4.2.2-no_aop.jar
2023-04-11 17:55:51,484 [Worker-31: Launching Executing clean in C__FrontEnd_Product Management_ProductServer_ProductManagement] INFO  o.eclipse.m2e.core.internal.Bundles - 	Entry: C:\Users\nikshaw\Downloads\Software\sts-4.17.2.RELEASE\plugins\org.eclipse.m2e.maven.runtime_3.8.604.20221130-2149\jars\jansi-2.4.0.jar
2023-04-11 17:55:51,485 [Worker-31: Launching Executing clean in C__FrontEnd_Product Management_ProductServer_ProductManagement] INFO  o.eclipse.m2e.core.internal.Bundles - 	Entry: C:\Users\nikshaw\Downloads\Software\sts-4.17.2.RELEASE\plugins\org.eclipse.m2e.maven.runtime_3.8.604.20221130-2149\jars\maven-artifact-3.8.6.jar
2023-04-11 17:55:51,485 [Worker-31: Launching Executing clean in C__FrontEnd_Product Management_ProductServer_ProductManagement] INFO  o.eclipse.m2e.core.internal.Bundles - 	Entry: C:\Users\nikshaw\Downloads\Software\sts-4.17.2.RELEASE\plugins\org.eclipse.m2e.maven.runtime_3.8.604.20221130-2149\jars\maven-builder-support-3.8.6.jar
2023-04-11 17:55:51,486 [Worker-31: Launching Executing clean in C__FrontEnd_Product Management_ProductServer_ProductManagement] INFO  o.eclipse.m2e.core.internal.Bundles - 	Entry: C:\Users\nikshaw\Downloads\Software\sts-4.17.2.RELEASE\plugins\org.eclipse.m2e.maven.runtime_3.8.604.20221130-2149\jars\maven-compat-3.8.6.jar
2023-04-11 17:55:51,486 [Worker-31: Launching Executing clean in C__FrontEnd_Product Management_ProductServer_ProductManagement] INFO  o.eclipse.m2e.core.internal.Bundles - 	Entry: C:\Users\nikshaw\Downloads\Software\sts-4.17.2.RELEASE\plugins\org.eclipse.m2e.maven.runtime_3.8.604.20221130-2149\jars\maven-core-3.8.6.jar
2023-04-11 17:55:51,486 [Worker-31: Launching Executing clean in C__FrontEnd_Product Management_ProductServer_ProductManagement] INFO  o.eclipse.m2e.core.internal.Bundles - 	Entry: C:\Users\nikshaw\Downloads\Software\sts-4.17.2.RELEASE\plugins\org.eclipse.m2e.maven.runtime_3.8.604.20221130-2149\jars\maven-embedder-3.8.6.jar
2023-04-11 17:55:51,487 [Worker-31: Launching Executing clean in C__FrontEnd_Product Management_ProductServer_ProductManagement] INFO  o.eclipse.m2e.core.internal.Bundles - 	Entry: C:\Users\nikshaw\Downloads\Software\sts-4.17.2.RELEASE\plugins\org.eclipse.m2e.maven.runtime_3.8.604.20221130-2149\jars\maven-model-3.8.6.jar
2023-04-11 17:55:51,487 [Worker-31: Launching Executing clean in C__FrontEnd_Product Management_ProductServer_ProductManagement] INFO  o.eclipse.m2e.core.internal.Bundles - 	Entry: C:\Users\nikshaw\Downloads\Software\sts-4.17.2.RELEASE\plugins\org.eclipse.m2e.maven.runtime_3.8.604.20221130-2149\jars\maven-model-builder-3.8.6.jar
2023-04-11 17:55:51,488 [Worker-31: Launching Executing clean in C__FrontEnd_Product Management_ProductServer_ProductManagement] INFO  o.eclipse.m2e.core.internal.Bundles - 	Entry: C:\Users\nikshaw\Downloads\Software\sts-4.17.2.RELEASE\plugins\org.eclipse.m2e.maven.runtime_3.8.604.20221130-2149\jars\maven-plugin-api-3.8.6.jar
2023-04-11 17:55:51,488 [Worker-31: Launching Executing clean in C__FrontEnd_Product Management_ProductServer_ProductManagement] INFO  o.eclipse.m2e.core.internal.Bundles - 	Entry: C:\Users\nikshaw\Downloads\Software\sts-4.17.2.RELEASE\plugins\org.eclipse.m2e.maven.runtime_3.8.604.20221130-2149\jars\maven-repository-metadata-3.8.6.jar
2023-04-11 17:55:51,488 [Worker-31: Launching Executing clean in C__FrontEnd_Product Management_ProductServer_ProductManagement] INFO  o.eclipse.m2e.core.internal.Bundles - 	Entry: C:\Users\nikshaw\Downloads\Software\sts-4.17.2.RELEASE\plugins\org.eclipse.m2e.maven.runtime_3.8.604.20221130-2149\jars\maven-resolver-api-1.6.3.jar
2023-04-11 17:55:51,489 [Worker-31: Launching Executing clean in C__FrontEnd_Product Management_ProductServer_ProductManagement] INFO  o.eclipse.m2e.core.internal.Bundles - 	Entry: C:\Users\nikshaw\Downloads\Software\sts-4.17.2.RELEASE\plugins\org.eclipse.m2e.maven.runtime_3.8.604.20221130-2149\jars\maven-resolver-connector-basic-1.6.3.jar
2023-04-11 17:55:51,490 [Worker-31: Launching Executing clean in C__FrontEnd_Product Management_ProductServer_ProductManagement] INFO  o.eclipse.m2e.core.internal.Bundles - 	Entry: C:\Users\nikshaw\Downloads\Software\sts-4.17.2.RELEASE\plugins\org.eclipse.m2e.maven.runtime_3.8.604.20221130-2149\jars\maven-resolver-impl-1.6.3.jar
2023-04-11 17:55:51,490 [Worker-31: Launching Executing clean in C__FrontEnd_Product Management_ProductServer_ProductManagement] INFO  o.eclipse.m2e.core.internal.Bundles - 	Entry: C:\Users\nikshaw\Downloads\Software\sts-4.17.2.RELEASE\plugins\org.eclipse.m2e.maven.runtime_3.8.604.20221130-2149\jars\maven-resolver-provider-3.8.6.jar
2023-04-11 17:55:51,492 [Worker-31: Launching Executing clean in C__FrontEnd_Product Management_ProductServer_ProductManagement] INFO  o.eclipse.m2e.core.internal.Bundles - 	Entry: C:\Users\nikshaw\Downloads\Software\sts-4.17.2.RELEASE\plugins\org.eclipse.m2e.maven.runtime_3.8.604.20221130-2149\jars\maven-resolver-spi-1.6.3.jar
2023-04-11 17:55:51,492 [Worker-31: Launching Executing clean in C__FrontEnd_Product Management_ProductServer_ProductManagement] INFO  o.eclipse.m2e.core.internal.Bundles - 	Entry: C:\Users\nikshaw\Downloads\Software\sts-4.17.2.RELEASE\plugins\org.eclipse.m2e.maven.runtime_3.8.604.20221130-2149\jars\maven-resolver-transport-wagon-1.6.3.jar
2023-04-11 17:55:51,493 [Worker-31: Launching Executing clean in C__FrontEnd_Product Management_ProductServer_ProductManagement] INFO  o.eclipse.m2e.core.internal.Bundles - 	Entry: C:\Users\nikshaw\Downloads\Software\sts-4.17.2.RELEASE\plugins\org.eclipse.m2e.maven.runtime_3.8.604.20221130-2149\jars\maven-resolver-util-1.6.3.jar
2023-04-11 17:55:51,493 [Worker-31: Launching Executing clean in C__FrontEnd_Product Management_ProductServer_ProductManagement] INFO  o.eclipse.m2e.core.internal.Bundles - 	Entry: C:\Users\nikshaw\Downloads\Software\sts-4.17.2.RELEASE\plugins\org.eclipse.m2e.maven.runtime_3.8.604.20221130-2149\jars\maven-settings-3.8.6.jar
2023-04-11 17:55:51,494 [Worker-31: Launching Executing clean in C__FrontEnd_Product Management_ProductServer_ProductManagement] INFO  o.eclipse.m2e.core.internal.Bundles - 	Entry: C:\Users\nikshaw\Downloads\Software\sts-4.17.2.RELEASE\plugins\org.eclipse.m2e.maven.runtime_3.8.604.20221130-2149\jars\maven-settings-builder-3.8.6.jar
2023-04-11 17:55:51,494 [Worker-31: Launching Executing clean in C__FrontEnd_Product Management_ProductServer_ProductManagement] INFO  o.eclipse.m2e.core.internal.Bundles - 	Entry: C:\Users\nikshaw\Downloads\Software\sts-4.17.2.RELEASE\plugins\org.eclipse.m2e.maven.runtime_3.8.604.20221130-2149\jars\maven-shared-utils-3.3.4.jar
2023-04-11 17:55:51,495 [Worker-31: Launching Executing clean in C__FrontEnd_Product Management_ProductServer_ProductManagement] INFO  o.eclipse.m2e.core.internal.Bundles - 	Entry: C:\Users\nikshaw\Downloads\Software\sts-4.17.2.RELEASE\plugins\org.eclipse.m2e.maven.runtime_3.8.604.20221130-2149\jars\okhttp-3.14.1.jar
2023-04-11 17:55:51,495 [Worker-31: Launching Executing clean in C__FrontEnd_Product Management_ProductServer_ProductManagement] INFO  o.eclipse.m2e.core.internal.Bundles - 	Entry: C:\Users\nikshaw\Downloads\Software\sts-4.17.2.RELEASE\plugins\org.eclipse.m2e.maven.runtime_3.8.604.20221130-2149\jars\okio-1.17.3.jar
2023-04-11 17:55:51,496 [Worker-31: Launching Executing clean in C__FrontEnd_Product Management_ProductServer_ProductManagement] INFO  o.eclipse.m2e.core.internal.Bundles - 	Entry: C:\Users\nikshaw\Downloads\Software\sts-4.17.2.RELEASE\plugins\org.eclipse.m2e.maven.runtime_3.8.604.20221130-2149\jars\org.eclipse.sisu.inject-0.3.5.jar
2023-04-11 17:55:51,496 [Worker-31: Launching Executing clean in C__FrontEnd_Product Management_ProductServer_ProductManagement] INFO  o.eclipse.m2e.core.internal.Bundles - 	Entry: C:\Users\nikshaw\Downloads\Software\sts-4.17.2.RELEASE\plugins\org.eclipse.m2e.maven.runtime_3.8.604.20221130-2149\jars\org.eclipse.sisu.plexus-0.3.5.jar
2023-04-11 17:55:51,497 [Worker-31: Launching Executing clean in C__FrontEnd_Product Management_ProductServer_ProductManagement] INFO  o.eclipse.m2e.core.internal.Bundles - 	Entry: C:\Users\nikshaw\Downloads\Software\sts-4.17.2.RELEASE\plugins\org.eclipse.m2e.maven.runtime_3.8.604.20221130-2149\jars\plexus-build-api-0.0.7.jar
2023-04-11 17:55:51,497 [Worker-31: Launching Executing clean in C__FrontEnd_Product Management_ProductServer_ProductManagement] INFO  o.eclipse.m2e.core.internal.Bundles - 	Entry: C:\Users\nikshaw\Downloads\Software\sts-4.17.2.RELEASE\plugins\org.eclipse.m2e.maven.runtime_3.8.604.20221130-2149\jars\plexus-cipher-2.0.jar
2023-04-11 17:55:51,498 [Worker-31: Launching Executing clean in C__FrontEnd_Product Management_ProductServer_ProductManagement] INFO  o.eclipse.m2e.core.internal.Bundles - 	Entry: C:\Users\nikshaw\Downloads\Software\sts-4.17.2.RELEASE\plugins\org.eclipse.m2e.maven.runtime_3.8.604.20221130-2149\jars\plexus-classworlds-2.6.0.jar
2023-04-11 17:55:51,498 [Worker-31: Launching Executing clean in C__FrontEnd_Product Management_ProductServer_ProductManagement] INFO  o.eclipse.m2e.core.internal.Bundles - 	Entry: C:\Users\nikshaw\Downloads\Software\sts-4.17.2.RELEASE\plugins\org.eclipse.m2e.maven.runtime_3.8.604.20221130-2149\jars\plexus-component-annotations-2.1.0.jar
2023-04-11 17:55:51,499 [Worker-31: Launching Executing clean in C__FrontEnd_Product Management_ProductServer_ProductManagement] INFO  o.eclipse.m2e.core.internal.Bundles - 	Entry: C:\Users\nikshaw\Downloads\Software\sts-4.17.2.RELEASE\plugins\org.eclipse.m2e.maven.runtime_3.8.604.20221130-2149\jars\plexus-interpolation-1.26.jar
2023-04-11 17:55:51,499 [Worker-31: Launching Executing clean in C__FrontEnd_Product Management_ProductServer_ProductManagement] INFO  o.eclipse.m2e.core.internal.Bundles - 	Entry: C:\Users\nikshaw\Downloads\Software\sts-4.17.2.RELEASE\plugins\org.eclipse.m2e.maven.runtime_3.8.604.20221130-2149\jars\plexus-sec-dispatcher-2.0.jar
2023-04-11 17:55:51,500 [Worker-31: Launching Executing clean in C__FrontEnd_Product Management_ProductServer_ProductManagement] INFO  o.eclipse.m2e.core.internal.Bundles - 	Entry: C:\Users\nikshaw\Downloads\Software\sts-4.17.2.RELEASE\plugins\org.eclipse.m2e.maven.runtime_3.8.604.20221130-2149\jars\plexus-utils-3.3.1.jar
2023-04-11 17:55:51,500 [Worker-31: Launching Executing clean in C__FrontEnd_Product Management_ProductServer_ProductManagement] INFO  o.eclipse.m2e.core.internal.Bundles - 	Entry: C:\Users\nikshaw\Downloads\Software\sts-4.17.2.RELEASE\plugins\org.eclipse.m2e.maven.runtime_3.8.604.20221130-2149\jars\wagon-file-3.5.1.jar
2023-04-11 17:55:51,501 [Worker-31: Launching Executing clean in C__FrontEnd_Product Management_ProductServer_ProductManagement] INFO  o.eclipse.m2e.core.internal.Bundles - 	Entry: C:\Users\nikshaw\Downloads\Software\sts-4.17.2.RELEASE\plugins\org.eclipse.m2e.maven.runtime_3.8.604.20221130-2149\jars\wagon-provider-api-3.5.1.jar
2023-04-11 17:55:51,502 [Worker-31: Launching Executing clean in C__FrontEnd_Product Management_ProductServer_ProductManagement] INFO  o.eclipse.m2e.core.internal.Bundles - getClasspathEntries(Bundle=com.google.guava_30.1.0.v20221112-0806 [22])
2023-04-11 17:55:51,504 [Worker-31: Launching Executing clean in C__FrontEnd_Product Management_ProductServer_ProductManagement] INFO  o.eclipse.m2e.core.internal.Bundles - 	Entry: C:\Users\nikshaw\Downloads\Software\sts-4.17.2.RELEASE\plugins\com.google.guava_30.1.0.v20221112-0806.jar
2023-04-11 17:55:51,505 [Worker-31: Launching Executing clean in C__FrontEnd_Product Management_ProductServer_ProductManagement] INFO  o.eclipse.m2e.core.internal.Bundles - getClasspathEntries(Bundle=slf4j.api_1.7.36 [584])
2023-04-11 17:55:51,507 [Worker-31: Launching Executing clean in C__FrontEnd_Product Management_ProductServer_ProductManagement] INFO  o.eclipse.m2e.core.internal.Bundles - 	Entry: C:\Users\nikshaw\Downloads\Software\sts-4.17.2.RELEASE\plugins\slf4j.api_1.7.36.jar
2023-04-11 17:55:51,507 [Worker-31: Launching Executing clean in C__FrontEnd_Product Management_ProductServer_ProductManagement] INFO  o.eclipse.m2e.core.internal.Bundles - getClasspathEntries(Bundle=javax.inject_1.0.0.v20220405-0441 [49])
2023-04-11 17:55:51,510 [Worker-31: Launching Executing clean in C__FrontEnd_Product Management_ProductServer_ProductManagement] INFO  o.eclipse.m2e.core.internal.Bundles - 	Entry: C:\Users\nikshaw\Downloads\Software\sts-4.17.2.RELEASE\plugins\javax.inject_1.0.0.v20220405-0441.jar
2023-04-11 17:55:51,511 [Worker-31: Launching Executing clean in C__FrontEnd_Product Management_ProductServer_ProductManagement] INFO  o.eclipse.m2e.core.internal.Bundles - getClasspathEntries(Bundle=javax.annotation_1.3.5.v20221112-0806 [47])
2023-04-11 17:55:51,515 [Worker-31: Launching Executing clean in C__FrontEnd_Product Management_ProductServer_ProductManagement] INFO  o.eclipse.m2e.core.internal.Bundles - 	Entry: C:\Users\nikshaw\Downloads\Software\sts-4.17.2.RELEASE\plugins\javax.annotation_1.3.5.v20221112-0806.jar
2023-04-11 17:55:51,522 [Worker-31: Launching Executing clean in C__FrontEnd_Product Management_ProductServer_ProductManagement] INFO  o.e.m.i.launch.MavenLaunchDelegate - Run build in "C:\FrontEnd\Product Management\ProductServer\ProductManagement":
2023-04-11 17:55:51,526 [Worker-31: Launching Executing clean in C__FrontEnd_Product Management_ProductServer_ProductManagement] INFO  o.e.m.i.launch.MavenLaunchDelegate -  mvn  -Ppom.xml -B -Dstyle.color=always clean
2023-04-11 17:56:00,397 [Worker-31: Launching Executing install in C__FrontEnd_Product Management_ProductServer_ProductManagement] INFO  o.e.m.i.launch.MavenLaunchDelegate - Run build in "C:\FrontEnd\Product Management\ProductServer\ProductManagement":
2023-04-11 17:56:00,397 [Worker-31: Launching Executing install in C__FrontEnd_Product Management_ProductServer_ProductManagement] INFO  o.e.m.i.launch.MavenLaunchDelegate -  mvn  -Ppom.xml -B -Dstyle.color=always install
2023-04-11 17:56:43,812 [Worker-31: Updating Maven Project] INFO  o.e.m.c.i.p.ProjectConfigurationManager - Update started
2023-04-11 17:56:44,240 [Worker-31: Updating Maven Project] INFO  o.e.m.c.i.l.LifecycleMappingFactory - Using org.eclipse.m2e.jdt.JarLifecycleMapping lifecycle mapping for MavenProject: com.deloitte:ProductManagement:0.0.1-SNAPSHOT @ C:\FrontEnd\Product Management\ProductServer\ProductManagement\pom.xml.
2023-04-11 17:56:44,919 [Worker-31: Updating Maven Project] INFO  o.e.m.j.i.AbstractJavaProjectConfigurator - Adding source folder /ProductManagement/src/main/java
2023-04-11 17:56:44,919 [Worker-31: Updating Maven Project] INFO  o.e.m.j.i.AbstractJavaProjectConfigurator - Adding resource folder /ProductManagement/src/main/resources
2023-04-11 17:56:44,920 [Worker-31: Updating Maven Project] INFO  o.e.m.j.i.AbstractJavaProjectConfigurator - Adding resource folder /ProductManagement/src/main/resources
2023-04-11 17:56:44,920 [Worker-31: Updating Maven Project] INFO  o.e.m.j.i.AbstractJavaProjectConfigurator - Adding source folder /ProductManagement/src/test/java
2023-04-11 17:56:45,407 [Worker-31: Updating Maven Project] INFO  o.e.m.c.i.p.ProjectConfigurationManager - Update completed for 1 poms: local refresh takes 0.00 sec, refresh facades takes 1.00 sec, update config takes 0.00 sec 
2023-04-11 17:58:35,601 [Worker-24: Launching ProductManagement - ProductManagementApplication] INFO  o.e.m.c.i.l.LifecycleMappingFactory - Using org.eclipse.m2e.jdt.JarLifecycleMapping lifecycle mapping for MavenProject: com.deloitte:ProductManagement:0.0.1-SNAPSHOT @ C:\FrontEnd\Product Management\ProductServer\ProductManagement\pom.xml.
2023-04-11 17:58:36,583 [Worker-24: Launching ProductManagement - ProductManagementApplication] INFO  o.a.m.s.f.DefaultMavenResourcesFiltering - Copying 0 resource
2023-04-11 17:58:36,584 [Worker-24: Launching ProductManagement - ProductManagementApplication] INFO  o.a.m.s.f.DefaultMavenResourcesFiltering - Copying 0 resource
2023-04-11 17:58:36,591 [Worker-24: Launching ProductManagement - ProductManagementApplication] INFO  o.a.m.s.f.DefaultMavenResourcesFiltering - skip non existing resourceDirectory C:\FrontEnd\Product Management\ProductServer\ProductManagement\src\test\resources
2023-04-11 17:58:37,187 [Worker-32: Building] INFO  o.a.m.s.f.DefaultMavenResourcesFiltering - Copying 1 resource
2023-04-11 17:58:37,212 [Worker-32: Building] INFO  o.a.m.s.f.DefaultMavenResourcesFiltering - Copying 0 resource
2023-04-11 17:58:37,218 [Worker-32: Building] INFO  o.a.m.s.f.DefaultMavenResourcesFiltering - skip non existing resourceDirectory C:\FrontEnd\Product Management\ProductServer\ProductManagement\src\test\resources
2023-04-11 17:59:56,465 [Worker-36: Launching ProductManagement - ProductManagementApplication] INFO  o.a.m.s.f.DefaultMavenResourcesFiltering - Copying 1 resource
2023-04-11 17:59:56,477 [Worker-36: Launching ProductManagement - ProductManagementApplication] INFO  o.a.m.s.f.DefaultMavenResourcesFiltering - Copying 0 resource
2023-04-11 17:59:56,482 [Worker-36: Launching ProductManagement - ProductManagementApplication] INFO  o.a.m.s.f.DefaultMavenResourcesFiltering - skip non existing resourceDirectory C:\FrontEnd\Product Management\ProductServer\ProductManagement\src\test\resources
2023-04-11 18:03:35,828 [Worker-38: Building] INFO  o.a.m.s.f.DefaultMavenResourcesFiltering - Copying 1 resource
2023-04-11 18:03:35,838 [Worker-38: Building] INFO  o.a.m.s.f.DefaultMavenResourcesFiltering - Copying 0 resource
2023-04-11 18:03:35,843 [Worker-38: Building] INFO  o.a.m.s.f.DefaultMavenResourcesFiltering - skip non existing resourceDirectory C:\FrontEnd\Product Management\ProductServer\ProductManagement\src\test\resources
2023-04-11 18:11:36,084 [Worker-42: Building] INFO  o.a.m.s.f.DefaultMavenResourcesFiltering - Copying 1 resource
2023-04-11 18:11:36,103 [Worker-42: Building] INFO  o.a.m.s.f.DefaultMavenResourcesFiltering - Copying 0 resource
2023-04-11 18:11:36,109 [Worker-42: Building] INFO  o.a.m.s.f.DefaultMavenResourcesFiltering - skip non existing resourceDirectory C:\FrontEnd\Product Management\ProductServer\ProductManagement\src\test\resources
2023-04-11 18:11:38,294 [Worker-41: Building] INFO  o.a.m.s.f.DefaultMavenResourcesFiltering - Copying 1 resource
2023-04-11 18:11:38,346 [Worker-41: Building] INFO  o.a.m.s.f.DefaultMavenResourcesFiltering - Copying 0 resource
2023-04-11 18:11:38,351 [Worker-41: Building] INFO  o.a.m.s.f.DefaultMavenResourcesFiltering - skip non existing resourceDirectory C:\FrontEnd\Product Management\ProductServer\ProductManagement\src\test\resources
2023-04-11 18:11:40,496 [Worker-41: Building] INFO  o.a.m.s.f.DefaultMavenResourcesFiltering - Copying 1 resource
2023-04-11 18:11:40,581 [Worker-41: Building] INFO  o.a.m.s.f.DefaultMavenResourcesFiltering - Copying 0 resource
2023-04-11 18:11:40,585 [Worker-41: Building] INFO  o.a.m.s.f.DefaultMavenResourcesFiltering - skip non existing resourceDirectory C:\FrontEnd\Product Management\ProductServer\ProductManagement\src\test\resources
2023-04-11 18:11:43,533 [Worker-36: Building] INFO  o.a.m.s.f.DefaultMavenResourcesFiltering - Copying 1 resource
2023-04-11 18:11:43,543 [Worker-36: Building] INFO  o.a.m.s.f.DefaultMavenResourcesFiltering - Copying 0 resource
2023-04-11 18:11:43,549 [Worker-36: Building] INFO  o.a.m.s.f.DefaultMavenResourcesFiltering - skip non existing resourceDirectory C:\FrontEnd\Product Management\ProductServer\ProductManagement\src\test\resources
2023-04-11 18:12:34,459 [Worker-36: Building] INFO  o.a.m.s.f.DefaultMavenResourcesFiltering - Copying 1 resource
2023-04-11 18:12:34,469 [Worker-36: Building] INFO  o.a.m.s.f.DefaultMavenResourcesFiltering - Copying 0 resource
2023-04-11 18:12:34,474 [Worker-36: Building] INFO  o.a.m.s.f.DefaultMavenResourcesFiltering - skip non existing resourceDirectory C:\FrontEnd\Product Management\ProductServer\ProductManagement\src\test\resources
2023-04-11 18:17:51,696 [Worker-40: Launching ProductManagement - ProductManagementApplication] INFO  o.a.m.s.f.DefaultMavenResourcesFiltering - Copying 1 resource
2023-04-11 18:17:51,706 [Worker-40: Launching ProductManagement - ProductManagementApplication] INFO  o.a.m.s.f.DefaultMavenResourcesFiltering - Copying 0 resource
2023-04-11 18:17:51,711 [Worker-40: Launching ProductManagement - ProductManagementApplication] INFO  o.a.m.s.f.DefaultMavenResourcesFiltering - skip non existing resourceDirectory C:\FrontEnd\Product Management\ProductServer\ProductManagement\src\test\resources
2023-04-11 19:35:04,233 [Worker-61: Launching ProductManagement - ProductManagementApplication] INFO  o.a.m.s.f.DefaultMavenResourcesFiltering - Copying 1 resource
2023-04-11 19:35:04,502 [Worker-61: Launching ProductManagement - ProductManagementApplication] INFO  o.a.m.s.f.DefaultMavenResourcesFiltering - Copying 0 resource
2023-04-11 19:35:04,507 [Worker-61: Launching ProductManagement - ProductManagementApplication] INFO  o.a.m.s.f.DefaultMavenResourcesFiltering - skip non existing resourceDirectory C:\FrontEnd\Product Management\ProductServer\ProductManagement\src\test\resources
2023-04-12 00:21:04,256 [Worker-85: Launching ProductManagement - ProductManagementApplication] INFO  o.a.m.s.f.DefaultMavenResourcesFiltering - Copying 1 resource
2023-04-12 00:21:04,301 [Worker-85: Launching ProductManagement - ProductManagementApplication] INFO  o.a.m.s.f.DefaultMavenResourcesFiltering - Copying 0 resource
2023-04-12 00:21:04,307 [Worker-85: Launching ProductManagement - ProductManagementApplication] INFO  o.a.m.s.f.DefaultMavenResourcesFiltering - skip non existing resourceDirectory C:\FrontEnd\Product Management\ProductServer\ProductManagement\src\test\resources
2023-04-12 01:12:23,458 [Worker-98: Launching ProductManagement - ProductManagementApplication] INFO  o.a.m.s.f.DefaultMavenResourcesFiltering - Copying 1 resource
2023-04-12 01:12:23,483 [Worker-98: Launching ProductManagement - ProductManagementApplication] INFO  o.a.m.s.f.DefaultMavenResourcesFiltering - Copying 0 resource
2023-04-12 01:12:23,488 [Worker-98: Launching ProductManagement - ProductManagementApplication] INFO  o.a.m.s.f.DefaultMavenResourcesFiltering - skip non existing resourceDirectory C:\FrontEnd\Product Management\ProductServer\ProductManagement\src\test\resources
2023-04-12 01:12:47,614 [Worker-100: Building] INFO  o.a.m.s.f.DefaultMavenResourcesFiltering - Copying 1 resource
2023-04-12 01:12:47,635 [Worker-100: Building] INFO  o.a.m.s.f.DefaultMavenResourcesFiltering - Copying 0 resource
2023-04-12 01:12:47,640 [Worker-100: Building] INFO  o.a.m.s.f.DefaultMavenResourcesFiltering - skip non existing resourceDirectory C:\FrontEnd\Product Management\ProductServer\ProductManagement\src\test\resources
2023-04-12 01:12:59,366 [Worker-85: Building] INFO  o.a.m.s.f.DefaultMavenResourcesFiltering - Copying 1 resource
2023-04-12 01:12:59,447 [Worker-85: Building] INFO  o.a.m.s.f.DefaultMavenResourcesFiltering - Copying 0 resource
2023-04-12 01:12:59,452 [Worker-85: Building] INFO  o.a.m.s.f.DefaultMavenResourcesFiltering - skip non existing resourceDirectory C:\FrontEnd\Product Management\ProductServer\ProductManagement\src\test\resources
2023-04-12 02:06:05,553 [Worker-110: Launching ProductManagement - ProductManagementApplication] INFO  o.a.m.s.f.DefaultMavenResourcesFiltering - Copying 1 resource
2023-04-12 02:06:05,579 [Worker-110: Launching ProductManagement - ProductManagementApplication] INFO  o.a.m.s.f.DefaultMavenResourcesFiltering - Copying 0 resource
2023-04-12 02:06:05,584 [Worker-110: Launching ProductManagement - ProductManagementApplication] INFO  o.a.m.s.f.DefaultMavenResourcesFiltering - skip non existing resourceDirectory C:\FrontEnd\Product Management\ProductServer\ProductManagement\src\test\resources
2023-04-12 02:06:56,990 [Worker-119: Launching ProductManagement - ProductManagementApplication] INFO  o.a.m.s.f.DefaultMavenResourcesFiltering - Copying 1 resource
2023-04-12 02:06:57,002 [Worker-119: Launching ProductManagement - ProductManagementApplication] INFO  o.a.m.s.f.DefaultMavenResourcesFiltering - Copying 0 resource
2023-04-12 02:06:57,009 [Worker-119: Launching ProductManagement - ProductManagementApplication] INFO  o.a.m.s.f.DefaultMavenResourcesFiltering - skip non existing resourceDirectory C:\FrontEnd\Product Management\ProductServer\ProductManagement\src\test\resources
2023-04-12 02:12:45,700 [Worker-120: Launching ProductManagement - ProductManagementApplication] INFO  o.a.m.s.f.DefaultMavenResourcesFiltering - Copying 1 resource
2023-04-12 02:12:45,729 [Worker-120: Launching ProductManagement - ProductManagementApplication] INFO  o.a.m.s.f.DefaultMavenResourcesFiltering - Copying 0 resource
2023-04-12 02:12:45,735 [Worker-120: Launching ProductManagement - ProductManagementApplication] INFO  o.a.m.s.f.DefaultMavenResourcesFiltering - skip non existing resourceDirectory C:\FrontEnd\Product Management\ProductServer\ProductManagement\src\test\resources
2023-04-12 02:12:59,147 [Worker-110: Launching ProductManagement - ProductManagementApplication] INFO  o.a.m.s.f.DefaultMavenResourcesFiltering - Copying 1 resource
2023-04-12 02:12:59,170 [Worker-110: Launching ProductManagement - ProductManagementApplication] INFO  o.a.m.s.f.DefaultMavenResourcesFiltering - Copying 0 resource
2023-04-12 02:12:59,176 [Worker-110: Launching ProductManagement - ProductManagementApplication] INFO  o.a.m.s.f.DefaultMavenResourcesFiltering - skip non existing resourceDirectory C:\FrontEnd\Product Management\ProductServer\ProductManagement\src\test\resources
2023-04-12 02:13:14,795 [Worker-120: Launching ProductManagement - ProductManagementApplication] INFO  o.a.m.s.f.DefaultMavenResourcesFiltering - Copying 1 resource
2023-04-12 02:13:14,813 [Worker-120: Launching ProductManagement - ProductManagementApplication] INFO  o.a.m.s.f.DefaultMavenResourcesFiltering - Copying 0 resource
2023-04-12 02:13:14,817 [Worker-120: Launching ProductManagement - ProductManagementApplication] INFO  o.a.m.s.f.DefaultMavenResourcesFiltering - skip non existing resourceDirectory C:\FrontEnd\Product Management\ProductServer\ProductManagement\src\test\resources
2023-04-12 02:15:02,668 [Worker-118: Launching ProductManagement - ProductManagementApplication] INFO  o.a.m.s.f.DefaultMavenResourcesFiltering - Copying 1 resource
2023-04-12 02:15:02,683 [Worker-118: Launching ProductManagement - ProductManagementApplication] INFO  o.a.m.s.f.DefaultMavenResourcesFiltering - Copying 0 resource
2023-04-12 02:15:02,688 [Worker-118: Launching ProductManagement - ProductManagementApplication] INFO  o.a.m.s.f.DefaultMavenResourcesFiltering - skip non existing resourceDirectory C:\FrontEnd\Product Management\ProductServer\ProductManagement\src\test\resources
2023-04-12 02:23:28,910 [Worker-122: Launching ProductManagement - ProductManagementApplication] INFO  o.a.m.s.f.DefaultMavenResourcesFiltering - Copying 1 resource
2023-04-12 02:23:28,923 [Worker-122: Launching ProductManagement - ProductManagementApplication] INFO  o.a.m.s.f.DefaultMavenResourcesFiltering - Copying 0 resource
2023-04-12 02:23:28,927 [Worker-122: Launching ProductManagement - ProductManagementApplication] INFO  o.a.m.s.f.DefaultMavenResourcesFiltering - skip non existing resourceDirectory C:\FrontEnd\Product Management\ProductServer\ProductManagement\src\test\resources
2023-04-12 02:27:33,860 [Worker-125: Launching ProductManagement - ProductManagementApplication] INFO  o.a.m.s.f.DefaultMavenResourcesFiltering - Copying 1 resource
2023-04-12 02:27:33,871 [Worker-125: Launching ProductManagement - ProductManagementApplication] INFO  o.a.m.s.f.DefaultMavenResourcesFiltering - Copying 0 resource
2023-04-12 02:27:33,877 [Worker-125: Launching ProductManagement - ProductManagementApplication] INFO  o.a.m.s.f.DefaultMavenResourcesFiltering - skip non existing resourceDirectory C:\FrontEnd\Product Management\ProductServer\ProductManagement\src\test\resources
2023-04-12 02:31:29,544 [Worker-130: Launching ProductManagement - ProductManagementApplication] INFO  o.a.m.s.f.DefaultMavenResourcesFiltering - Copying 1 resource
2023-04-12 02:31:29,554 [Worker-130: Launching ProductManagement - ProductManagementApplication] INFO  o.a.m.s.f.DefaultMavenResourcesFiltering - Copying 0 resource
2023-04-12 02:31:29,558 [Worker-130: Launching ProductManagement - ProductManagementApplication] INFO  o.a.m.s.f.DefaultMavenResourcesFiltering - skip non existing resourceDirectory C:\FrontEnd\Product Management\ProductServer\ProductManagement\src\test\resources
2023-04-12 07:49:11,313 [Worker-2: Loading available Gradle versions] INFO  o.e.b.c.i.u.g.PublishedGradleVersions - Gradle version information cache is up-to-date. Trying to read.
2023-04-12 10:13:35,668 [Worker-31: Launching ProductManagement - ProductManagementApplication] INFO  o.a.m.s.f.DefaultMavenResourcesFiltering - Copying 1 resource
2023-04-12 10:13:35,743 [Worker-31: Launching ProductManagement - ProductManagementApplication] INFO  o.a.m.s.f.DefaultMavenResourcesFiltering - Copying 0 resource
2023-04-12 10:13:35,751 [Worker-31: Launching ProductManagement - ProductManagementApplication] INFO  o.a.m.s.f.DefaultMavenResourcesFiltering - skip non existing resourceDirectory C:\FrontEnd\Product Management\ProductServer\ProductManagement\src\test\resources
2023-04-12 10:13:53,688 [Worker-30: Launching ProductManagement - ProductManagementApplication] INFO  o.a.m.s.f.DefaultMavenResourcesFiltering - Copying 1 resource
2023-04-12 10:13:53,738 [Worker-30: Launching ProductManagement - ProductManagementApplication] INFO  o.a.m.s.f.DefaultMavenResourcesFiltering - Copying 0 resource
2023-04-12 10:13:53,746 [Worker-30: Launching ProductManagement - ProductManagementApplication] INFO  o.a.m.s.f.DefaultMavenResourcesFiltering - skip non existing resourceDirectory C:\FrontEnd\Product Management\ProductServer\ProductManagement\src\test\resources
2023-04-12 10:15:30,107 [Worker-36: Launching ProductManagement - ProductManagementApplication] INFO  o.a.m.s.f.DefaultMavenResourcesFiltering - Copying 1 resource
2023-04-12 10:15:30,170 [Worker-36: Launching ProductManagement - ProductManagementApplication] INFO  o.a.m.s.f.DefaultMavenResourcesFiltering - Copying 0 resource
2023-04-12 10:15:30,178 [Worker-36: Launching ProductManagement - ProductManagementApplication] INFO  o.a.m.s.f.DefaultMavenResourcesFiltering - skip non existing resourceDirectory C:\FrontEnd\Product Management\ProductServer\ProductManagement\src\test\resources
2023-04-12 10:15:48,006 [Worker-34: Launching ProductManagement - ProductManagementApplication] INFO  o.a.m.s.f.DefaultMavenResourcesFiltering - Copying 1 resource
2023-04-12 10:15:48,024 [Worker-34: Launching ProductManagement - ProductManagementApplication] INFO  o.a.m.s.f.DefaultMavenResourcesFiltering - Copying 0 resource
2023-04-12 10:15:48,032 [Worker-34: Launching ProductManagement - ProductManagementApplication] INFO  o.a.m.s.f.DefaultMavenResourcesFiltering - skip non existing resourceDirectory C:\FrontEnd\Product Management\ProductServer\ProductManagement\src\test\resources
2023-04-20 18:06:18,383 [Worker-0: Loading available Gradle versions] INFO  o.e.b.c.i.u.g.PublishedGradleVersions - Gradle version information cache is up-to-date. Trying to read.
2023-04-20 18:06:21,426 [Worker-1: Building] INFO  o.a.m.s.f.DefaultMavenResourcesFiltering - Copying 1 resource
2023-04-20 18:06:21,450 [Worker-1: Building] INFO  o.a.m.s.f.DefaultMavenResourcesFiltering - Copying 0 resource
2023-04-20 18:06:21,457 [Worker-1: Building] INFO  o.a.m.s.f.DefaultMavenResourcesFiltering - skip non existing resourceDirectory C:\FrontEnd\Product Management\ProductServer\ProductManagement\src\test\resources
2023-05-03 13:15:17,992 [Worker-1: Loading available Gradle versions] INFO  o.e.b.c.i.u.g.PublishedGradleVersions - Gradle version information cache is out-of-date. Trying to update.
2023-05-06 12:46:36,395 [Worker-2: Loading available Gradle versions] INFO  o.e.b.c.i.u.g.PublishedGradleVersions - Gradle version information cache is out-of-date. Trying to update.
